2024-01-16 01:36:53,471 [ERROR] LogOutputStream:75 - [STDERR_REDIRECT] Exception in thread "AWT-EventQueue-0" java.awt.IllegalComponentStateException: Native resources unavailable
2024-01-16 01:36:53,482 [ERROR] LogOutputStream:75 - [STDERR_REDIRECT] 	at java.desktop/sun.awt.windows.WWindowPeer.getScreenImOn(Native Method)
2024-01-16 01:36:53,483 [ERROR] LogOutputStream:75 - [STDERR_REDIRECT] 	at java.desktop/sun.awt.windows.WWindowPeer.updateGC(WWindowPeer.java:566)
2024-01-16 01:36:53,485 [ERROR] LogOutputStream:75 - [STDERR_REDIRECT] 	at java.desktop/java.awt.event.InvocationEvent.dispatch(InvocationEvent.java:318)
2024-01-16 01:36:53,486 [ERROR] LogOutputStream:75 - [STDERR_REDIRECT] 	at java.desktop/java.awt.EventQueue.dispatchEventImpl(EventQueue.java:771)
2024-01-16 01:36:53,487 [ERROR] LogOutputStream:75 - [STDERR_REDIRECT] 	at java.desktop/java.awt.EventQueue$4.run(EventQueue.java:722)
2024-01-16 01:36:53,488 [ERROR] LogOutputStream:75 - [STDERR_REDIRECT] 	at java.desktop/java.awt.EventQueue$4.run(EventQueue.java:716)
2024-01-16 01:36:53,490 [ERROR] LogOutputStream:75 - [STDERR_REDIRECT] 	at java.base/java.security.AccessController.doPrivileged(AccessController.java:399)
2024-01-16 01:36:53,493 [ERROR] LogOutputStream:75 - [STDERR_REDIRECT] 	at java.base/java.security.ProtectionDomain$JavaSecurityAccessImpl.doIntersectionPrivilege(ProtectionDomain.java:86)
2024-01-16 01:36:53,495 [ERROR] LogOutputStream:75 - [STDERR_REDIRECT] 	at java.base/java.security.ProtectionDomain$JavaSecurityAccessImpl.doIntersectionPrivilege(ProtectionDomain.java:97)
2024-01-16 01:36:53,497 [ERROR] LogOutputStream:75 - [STDERR_REDIRECT] 	at java.desktop/java.awt.EventQueue$5.run(EventQueue.java:746)
2024-01-16 01:36:53,498 [ERROR] LogOutputStream:75 - [STDERR_REDIRECT] 	at java.desktop/java.awt.EventQueue$5.run(EventQueue.java:744)
2024-01-16 01:36:53,500 [ERROR] LogOutputStream:75 - [STDERR_REDIRECT] 	at java.base/java.security.AccessController.doPrivileged(AccessController.java:399)
2024-01-16 01:36:53,504 [ERROR] LogOutputStream:75 - [STDERR_REDIRECT] 	at java.base/java.security.ProtectionDomain$JavaSecurityAccessImpl.doIntersectionPrivilege(ProtectionDomain.java:86)
2024-01-16 01:36:53,505 [ERROR] LogOutputStream:75 - [STDERR_REDIRECT] 	at java.desktop/java.awt.EventQueue.dispatchEvent(EventQueue.java:743)
2024-01-16 01:36:53,507 [ERROR] LogOutputStream:75 - [STDERR_REDIRECT] 	at java.desktop/java.awt.EventDispatchThread.pumpOneEventForFilters(EventDispatchThread.java:203)
2024-01-16 01:36:53,509 [ERROR] LogOutputStream:75 - [STDERR_REDIRECT] 	at java.desktop/java.awt.EventDispatchThread.pumpEventsForFilter(EventDispatchThread.java:124)
2024-01-16 01:36:53,510 [ERROR] LogOutputStream:75 - [STDERR_REDIRECT] 	at java.desktop/java.awt.EventDispatchThread.pumpEventsForHierarchy(EventDispatchThread.java:113)
2024-01-16 01:36:53,512 [ERROR] LogOutputStream:75 - [STDERR_REDIRECT] 	at java.desktop/java.awt.EventDispatchThread.pumpEvents(EventDispatchThread.java:109)
2024-01-16 01:36:53,513 [ERROR] LogOutputStream:75 - [STDERR_REDIRECT] 	at java.desktop/java.awt.EventDispatchThread.pumpEvents(EventDispatchThread.java:101)
2024-01-16 01:36:53,518 [ERROR] LogOutputStream:75 - [STDERR_REDIRECT] 	at java.desktop/java.awt.EventDispatchThread.run(EventDispatchThread.java:90)
2024-01-16 01:37:31,340 [INFO] MainUpdater:2868 - connection check result : 10
2024-01-16 01:37:31,340 [INFO] MainUpdater:2868 - connection check result : 10
2024-01-16 01:37:31,355 [INFO] MicroXplorer:468 - Change Database Path : 
2024-01-16 01:37:31,355 [INFO] MicroXplorer:498 - Change Database Version : DB.6.0.91
2024-01-16 01:37:31,377 [WARN] ThirdParty:871 - waiting for thirdparty lock release [close project]
2024-01-16 01:37:31,377 [INFO] ThirdParty:873 - entering critical section [close project]
2024-01-16 01:37:31,377 [INFO] ThirdParty:883 - exiting critical section [close project]
2024-01-16 01:37:31,379 [INFO] PinOutPanel:1499 - setPackage(No Configuration,No Configuration)
2024-01-16 01:37:31,381 [INFO] UtilMem:75 - Begin LoadConfig() Used Memory: 842613224 Bytes (1073741824)
2024-01-16 01:37:31,386 [INFO] MicroXplorer:468 - Change Database Path : C:/Users/W10/.stm32cubemx/databases/DB.6.0.21/db/
2024-01-16 01:37:31,386 [INFO] MicroXplorer:498 - Change Database Version : DB.6.0.21
2024-01-16 01:37:32,988 [INFO] OpenFileManager:308 - Change cursor
2024-01-16 01:37:33,010 [INFO] RulesReader:64 - Compatibility file has been processed (237 Rules)
2024-01-16 01:37:33,014 [INFO] Mcu:1946 - Initializing MCU STM32F103C(8-B)Tx STM32F103C8Tx STM32F103C8T6
2024-01-16 01:37:33,486 [INFO] Context:659 - Trying to add GPIOservice into a context  which must be forbidden
2024-01-16 01:37:33,691 [INFO] RtosManager:555 - Registered RTOS mode: class=CMSIS, group=RTOS, mode=CMSIS_V1, owner=FREERTOS
2024-01-16 01:37:33,691 [INFO] RtosManager:555 - Registered RTOS mode: class=CMSIS, group=RTOS2, mode=CMSIS_V2, owner=FREERTOS
2024-01-16 01:37:33,691 [INFO] RtosManager:555 - Registered RTOS mode: class=RTOS, group=Core, mode=CMSIS_V1, owner=FREERTOS
2024-01-16 01:37:33,691 [INFO] RtosManager:555 - Registered RTOS mode: class=RTOS, group=Core, mode=CMSIS_V2, owner=FREERTOS
2024-01-16 01:37:33,691 [WARN] ModelIntegratedComponent:184 - Missing modes for component STMicroelectronics:FreeRTOS:0.0.1:STMicroelectronics:RTOS:FreeRTOS:Core:::10.2.0:
2024-01-16 01:37:33,709 [WARN] ModelIntegratedComponent:63 - No mode defined for component null
2024-01-16 01:37:33,709 [WARN] ModelIntegratedComponent:63 - No mode defined for component null
2024-01-16 01:37:33,709 [WARN] ModelIntegratedComponent:63 - No mode defined for component null
2024-01-16 01:37:33,709 [WARN] ModelIntegratedComponent:63 - No mode defined for component null
2024-01-16 01:37:33,709 [WARN] ModelIntegratedComponent:63 - No mode defined for component null
2024-01-16 01:37:33,709 [WARN] ModelIntegratedComponent:63 - No mode defined for component null
2024-01-16 01:37:33,709 [WARN] ModelIntegratedComponent:63 - No mode defined for component null
2024-01-16 01:37:33,709 [WARN] ModelIntegratedComponent:63 - No mode defined for component null
2024-01-16 01:37:33,709 [WARN] ModelIntegratedComponent:63 - No mode defined for component null
2024-01-16 01:37:33,710 [WARN] ModelIntegratedComponent:63 - No mode defined for component null
2024-01-16 01:37:33,710 [WARN] ModelIntegratedComponent:63 - No mode defined for component null
2024-01-16 01:37:33,710 [WARN] ModelIntegratedComponent:63 - No mode defined for component null
2024-01-16 01:37:33,710 [WARN] ModelIntegratedComponent:63 - No mode defined for component null
2024-01-16 01:37:33,710 [WARN] ModelIntegratedComponent:63 - No mode defined for component null
2024-01-16 01:37:33,710 [WARN] ModelIntegratedComponent:63 - No mode defined for component null
2024-01-16 01:37:33,710 [WARN] ModelIntegratedComponent:63 - No mode defined for component null
2024-01-16 01:37:33,710 [WARN] ModelIntegratedComponent:63 - No mode defined for component null
2024-01-16 01:37:33,710 [WARN] ModelIntegratedComponent:63 - No mode defined for component null
2024-01-16 01:37:33,710 [WARN] ModelIntegratedComponent:63 - No mode defined for component null
2024-01-16 01:37:33,710 [WARN] ModelIntegratedComponent:63 - No mode defined for component null
2024-01-16 01:37:33,710 [WARN] ModelIntegratedComponent:63 - No mode defined for component null
2024-01-16 01:37:33,710 [WARN] ModelIntegratedComponent:63 - No mode defined for component null
2024-01-16 01:37:33,710 [WARN] ModelIntegratedComponent:63 - No mode defined for component null
2024-01-16 01:37:33,710 [WARN] ModelIntegratedComponent:63 - No mode defined for component null
2024-01-16 01:37:33,710 [WARN] ModelIntegratedComponent:63 - No mode defined for component null
2024-01-16 01:37:33,710 [WARN] ModelIntegratedComponent:63 - No mode defined for component null
2024-01-16 01:37:33,710 [WARN] ModelIntegratedComponent:63 - No mode defined for component null
2024-01-16 01:37:33,710 [WARN] ModelIntegratedComponent:63 - No mode defined for component null
2024-01-16 01:37:33,710 [WARN] ModelIntegratedComponent:63 - No mode defined for component null
2024-01-16 01:37:33,710 [WARN] ModelIntegratedComponent:63 - No mode defined for component null
2024-01-16 01:37:33,711 [WARN] ModelIntegratedComponent:63 - No mode defined for component null
2024-01-16 01:37:33,711 [WARN] ModelIntegratedComponent:63 - No mode defined for component null
2024-01-16 01:37:33,711 [WARN] ModelIntegratedComponent:63 - No mode defined for component null
2024-01-16 01:37:33,851 [INFO] ThirdPartyModel:298 - Start build external matchings
2024-01-16 01:37:34,810 [INFO] ThirdPartyModel:316 - End build external matchings
2024-01-16 01:37:34,821 [INFO] ImportTextPane:194 - (OptionalMessage_ERROR) IP (RCC) : Parameter (ADCFreqValue) has invalid value (36000000)
2024-01-16 01:37:34,821 [INFO] ImportTextPane:194 - (OptionalMessage_ERROR) IP (RCC) : Invalid parameter (FamilyName)
2024-01-16 01:37:34,821 [INFO] ImportTextPane:194 - (OptionalMessage_ERROR) IP (RCC) : Parameter (MCOFreq_Value) has invalid value (72000000)
2024-01-16 01:37:34,822 [INFO] ImportTextPane:194 - (OptionalMessage_ERROR) IP (RCC) : Parameter (USBFreq_Value) has invalid value (72000000)
2024-01-16 01:37:35,007 [INFO] UtilMem:75 - End LoadConfig() Used Memory: 685917848 Bytes (1073741824)
2024-01-16 01:37:35,047 [WARN] ThirdParty:833 - waiting for thirdparty lock release [change project]
2024-01-16 01:37:35,047 [INFO] ThirdParty:835 - entering critical section [change project]
2024-01-16 01:37:35,047 [INFO] ThirdParty:1030 - CMSIS Pack Vendor :STMicroelectronics X-CUBE-ISPU 1.1.0
2024-01-16 01:37:35,047 [INFO] ThirdParty:1030 - CMSIS Pack Vendor :STMicroelectronics USBPD 4.1
2024-01-16 01:37:35,047 [INFO] ThirdParty:1030 - CMSIS Pack Vendor :STMicroelectronics X-CUBE-GNSS1 6.0.0
2024-01-16 01:37:35,047 [INFO] ThirdParty:1030 - CMSIS Pack Vendor :STMicroelectronics USB_HOST 2.0.0
2024-01-16 01:37:35,048 [INFO] ThirdParty:1030 - CMSIS Pack Vendor :STMicroelectronics X-CUBE-AZRTOS-F4 1.1.0
2024-01-16 01:37:35,048 [INFO] ThirdParty:1030 - CMSIS Pack Vendor :STMicroelectronics LIBJPEG 8.0.0
2024-01-16 01:37:35,048 [INFO] ThirdParty:1030 - CMSIS Pack Vendor :wolfSSL I-CUBE-wolfSSL 5.6.3
2024-01-16 01:37:35,048 [INFO] ThirdParty:1030 - CMSIS Pack Vendor :STMicroelectronics X-CUBE-SMBUS 2.1.0
2024-01-16 01:37:35,048 [INFO] ThirdParty:1030 - CMSIS Pack Vendor :STMicroelectronics USB_DEVICE 3.0.0
2024-01-16 01:37:35,048 [INFO] ThirdParty:1030 - CMSIS Pack Vendor :STMicroelectronics X-CUBE-AZRTOS-WB 2.0.0
2024-01-16 01:37:35,048 [INFO] ThirdParty:1030 - CMSIS Pack Vendor :STMicroelectronics X-CUBE-TOUCHGFX 4.23.0
2024-01-16 01:37:35,048 [INFO] ThirdParty:1030 - CMSIS Pack Vendor :STMicroelectronics X-CUBE-AZRTOS-F7 1.1.0
2024-01-16 01:37:35,048 [INFO] ThirdParty:1030 - CMSIS Pack Vendor :STMicroelectronics X-CUBE-AZRTOS-L5 2.0.0
2024-01-16 01:37:35,048 [INFO] ThirdParty:1030 - CMSIS Pack Vendor :STMicroelectronics USB_DEVICE 2.0.0
2024-01-16 01:37:35,048 [INFO] ThirdParty:1030 - CMSIS Pack Vendor :STMicroelectronics X-CUBE-MEMS1 9.6.0
2024-01-16 01:37:35,048 [INFO] ThirdParty:1030 - CMSIS Pack Vendor :STMicroelectronics X-CUBE-EEPRMA1 4.2.0
2024-01-16 01:37:35,048 [INFO] ThirdParty:1030 - CMSIS Pack Vendor :ITTIA_DB I-CUBE-ITTIADB 8.8.0
2024-01-16 01:37:35,048 [INFO] ThirdParty:1030 - CMSIS Pack Vendor :STMicroelectronics FP-SNS-MOTENV1 4.3.2
2024-01-16 01:37:35,048 [INFO] ThirdParty:1030 - CMSIS Pack Vendor :STMicroelectronics X-CUBE-ALGOBUILD 1.3.0
2024-01-16 01:37:35,048 [INFO] ThirdParty:1030 - CMSIS Pack Vendor :STMicroelectronics FreeRTOS 0.0.1
2024-01-16 01:37:35,048 [INFO] ThirdParty:1030 - CMSIS Pack Vendor :STMicroelectronics X-CUBE-AZRTOS-G0 1.1.0
2024-01-16 01:37:35,048 [INFO] ThirdParty:1030 - CMSIS Pack Vendor :STMicroelectronics X-CUBE-BLEMGR 2.0.0
2024-01-16 01:37:35,048 [INFO] ThirdParty:1030 - CMSIS Pack Vendor :STMicroelectronics X-CUBE-NFC4 3.0.0
2024-01-16 01:37:35,049 [INFO] ThirdParty:1030 - CMSIS Pack Vendor :STMicroelectronics X-CUBE-SUBG2 5.0.0
2024-01-16 01:37:35,049 [INFO] ThirdParty:1030 - CMSIS Pack Vendor :STMicroelectronics STM32_WPAN 1.0.0
2024-01-16 01:37:35,050 [INFO] ThirdParty:1030 - CMSIS Pack Vendor :STMicroelectronics lwIP 2.0.3
2024-01-16 01:37:35,050 [INFO] ThirdParty:1030 - CMSIS Pack Vendor :STMicroelectronics FP-SNS-FLIGHT1 5.0.2
2024-01-16 01:37:35,050 [INFO] ThirdParty:1030 - CMSIS Pack Vendor :STMicroelectronics USB_HOST 1.0.0
2024-01-16 01:37:35,050 [INFO] ThirdParty:1030 - CMSIS Pack Vendor :STMicroelectronics X-CUBE-TOF1 3.3.1
2024-01-16 01:37:35,050 [INFO] ThirdParty:1030 - CMSIS Pack Vendor :STMicroelectronics X-CUBE-AZRTOS-G4 2.0.0
2024-01-16 01:37:35,050 [INFO] ThirdParty:1030 - CMSIS Pack Vendor :STMicroelectronics PDM2PCM 3.1.0
2024-01-16 01:37:35,050 [INFO] ThirdParty:1030 - CMSIS Pack Vendor :STMicroelectronics X-CUBE-AZRTOS-H7 3.1.0
2024-01-16 01:37:35,050 [INFO] ThirdParty:1030 - CMSIS Pack Vendor :Infineon AIROC-Wi-Fi-Bluetooth-STM32 1.5.1
2024-01-16 01:37:35,050 [INFO] ThirdParty:1030 - CMSIS Pack Vendor :STMicroelectronics X-CUBE-BLEMGR 3.0.0
2024-01-16 01:37:35,050 [INFO] ThirdParty:1030 - CMSIS Pack Vendor :STMicroelectronics PDM2PCM 3.3.0
2024-01-16 01:37:35,050 [INFO] ThirdParty:1030 - CMSIS Pack Vendor :STMicroelectronics X-CUBE-DISPLAY 3.0.0
2024-01-16 01:37:35,050 [INFO] ThirdParty:1030 - CMSIS Pack Vendor :STMicroelectronics FP-SNS-MOTENVWB1 1.3.1
2024-01-16 01:37:35,050 [INFO] ThirdParty:1030 - CMSIS Pack Vendor :STMicroelectronics X-CUBE-BLE1 7.0.0
2024-01-16 01:37:35,050 [INFO] ThirdParty:1030 - CMSIS Pack Vendor :STMicroelectronics FP-ATR-SIGFOX1 3.2.0
2024-01-16 01:37:35,050 [INFO] ThirdParty:1030 - CMSIS Pack Vendor :STMicroelectronics X-CUBE-ISPU 2.0.0
2024-01-16 01:37:35,050 [INFO] ThirdParty:1030 - CMSIS Pack Vendor :STMicroelectronics HAL Drivers 0.0.0
2024-01-16 01:37:35,050 [INFO] ThirdParty:1030 - CMSIS Pack Vendor :STMicroelectronics MBEDTLS 2.16.2
2024-01-16 01:37:35,050 [INFO] ThirdParty:1030 - CMSIS Pack Vendor :emotas I-CUBE-CANOPEN 1.3.0
2024-01-16 01:37:35,050 [INFO] ThirdParty:1030 - CMSIS Pack Vendor :STMicroelectronics X-CUBE-MEMS1 10.0.0
2024-01-16 01:37:35,051 [INFO] ThirdParty:1030 - CMSIS Pack Vendor :STMicroelectronics X-CUBE-FREERTOS 1.1.0
2024-01-16 01:37:35,051 [INFO] ThirdParty:1030 - CMSIS Pack Vendor :STMicroelectronics X-CUBE-TOUCHGFX 4.22.0
2024-01-16 01:37:35,051 [INFO] ThirdParty:1030 - CMSIS Pack Vendor :STMicroelectronics X-CUBE-NFC7 1.0.1
2024-01-16 01:37:35,051 [INFO] ThirdParty:1030 - CMSIS Pack Vendor :STMicroelectronics MBEDTLS 2.14.1
2024-01-16 01:37:35,051 [INFO] ThirdParty:1030 - CMSIS Pack Vendor :STMicroelectronics X-CUBE-TOUCHGFX 4.22.1
2024-01-16 01:37:35,051 [INFO] ThirdParty:1030 - CMSIS Pack Vendor :STMicroelectronics X-CUBE-NFC6 3.0.0
2024-01-16 01:37:35,051 [INFO] ThirdParty:1030 - CMSIS Pack Vendor :STMicroelectronics X-CUBE-EEPRMA1 4.1.0
2024-01-16 01:37:35,051 [INFO] ThirdParty:1030 - CMSIS Pack Vendor :portGmbH I-Cube-SoM-uGOAL 1.1.0
2024-01-16 01:37:35,051 [INFO] ThirdParty:1030 - CMSIS Pack Vendor :STMicroelectronics X-CUBE-ALS 1.0.1
2024-01-16 01:37:35,051 [INFO] ThirdParty:1030 - CMSIS Pack Vendor :STMicroelectronics ThreadX 1.0.0
2024-01-16 01:37:35,051 [INFO] ThirdParty:1030 - CMSIS Pack Vendor :STMicroelectronics FP-SNS-SMARTAG2 1.2.0
2024-01-16 01:37:35,051 [INFO] ThirdParty:1030 - CMSIS Pack Vendor :STMicroelectronics X-CUBE-AZRTOS-WL 2.0.0
2024-01-16 01:37:35,051 [INFO] ThirdParty:1030 - CMSIS Pack Vendor :SEGGER I-CUBE-embOS 1.3.1
2024-01-16 01:37:35,051 [INFO] ThirdParty:1030 - CMSIS Pack Vendor :STMicroelectronics USB_DEVICE 1.0.0
2024-01-16 01:37:35,051 [INFO] ThirdParty:1030 - CMSIS Pack Vendor :STMicroelectronics X-CUBE-AI 8.1.0
2024-01-16 01:37:35,051 [INFO] ThirdParty:1030 - CMSIS Pack Vendor :STMicroelectronics X-CUBE-AZRTOS-L4 2.0.0
2024-01-16 01:37:35,052 [INFO] ThirdParty:1030 - CMSIS Pack Vendor :STMicroelectronics ThreadX 0.0.2
2024-01-16 01:37:35,052 [INFO] ThirdParty:1030 - CMSIS Pack Vendor :WES I-CUBE-Cesium 1.3.0
2024-01-16 01:37:35,052 [INFO] ThirdParty:1030 - CMSIS Pack Vendor :STMicroelectronics FP-ATR-ASTRA1 2.0.0
2024-01-16 01:37:35,052 [INFO] ThirdParty:1030 - CMSIS Pack Vendor :STMicroelectronics lwIP 2.1.2
2024-01-16 01:37:35,052 [INFO] ThirdParty:1030 - CMSIS Pack Vendor :STMicroelectronics X-CUBE-SFXS2LP1 4.0.0
2024-01-16 01:37:35,052 [INFO] ThirdParty:1030 - CMSIS Pack Vendor :STMicroelectronics X-CUBE-BLE2 3.3.0
2024-01-16 01:37:35,052 [INFO] ThirdParty:1030 - CMSIS Pack Vendor :STMicroelectronics X-CUBE-TOF1 3.4.0
2024-01-16 01:37:35,052 [INFO] ThirdParty:1030 - CMSIS Pack Vendor :STMicroelectronics X-CUBE-AZRTOS-H7 3.2.0
2024-01-16 01:37:35,052 [INFO] ThirdParty:1030 - CMSIS Pack Vendor :STMicroelectronics PDM2PCM 3.2.0
2024-01-16 01:37:35,052 [INFO] ThirdParty:841 - exiting critical section [change project]
2024-01-16 01:37:35,158 [INFO] PinOutPanel:1499 - setPackage(No Configuration,No Configuration)
2024-01-16 01:37:35,159 [INFO] PinOutPanel:1499 - setPackage(STM32F103C8Tx,LQFP48)
2024-01-16 01:37:35,366 [INFO] UtilMem:75 - Before build in PCC Used Memory: 802467992 Bytes (1073741824)
2024-01-16 01:37:35,566 [INFO] UtilMem:75 - After build in PCC Used Memory: 843362456 Bytes (1073741824)
2024-01-16 01:37:35,582 [INFO] IPUIPlugin:80 - create IPUIPlugin
2024-01-16 01:37:35,582 [INFO] IPUIPlugin:80 - create IPUIPlugin
2024-01-16 01:37:35,582 [INFO] IPUIPlugin:80 - create IPUIPlugin
2024-01-16 01:37:35,582 [INFO] IPUIPlugin:80 - create IPUIPlugin
2024-01-16 01:37:35,582 [INFO] IPUIPlugin:80 - create IPUIPlugin
2024-01-16 01:37:35,582 [INFO] IPUIPlugin:80 - create IPUIPlugin
2024-01-16 01:37:35,582 [INFO] IPUIPlugin:80 - create IPUIPlugin
2024-01-16 01:37:35,582 [INFO] IPUIPlugin:80 - create IPUIPlugin
2024-01-16 01:37:35,582 [INFO] IPUIPlugin:80 - create IPUIPlugin
2024-01-16 01:37:35,583 [INFO] IPUIPlugin:80 - create IPUIPlugin
2024-01-16 01:37:35,583 [INFO] IPUIPlugin:80 - create IPUIPlugin
2024-01-16 01:37:35,583 [INFO] IPUIPlugin:80 - create IPUIPlugin
2024-01-16 01:37:35,583 [INFO] IPUIPlugin:80 - create IPUIPlugin
2024-01-16 01:37:35,583 [INFO] IPUIPlugin:80 - create IPUIPlugin
2024-01-16 01:37:35,583 [INFO] IPUIPlugin:80 - create IPUIPlugin
2024-01-16 01:37:35,583 [INFO] IPUIPlugin:80 - create IPUIPlugin
2024-01-16 01:37:35,584 [INFO] IPUIPlugin:80 - create IPUIPlugin
2024-01-16 01:37:35,584 [INFO] IPUIPlugin:80 - create IPUIPlugin
2024-01-16 01:37:35,584 [INFO] IPUIPlugin:80 - create IPUIPlugin
2024-01-16 01:37:35,584 [INFO] IPUIPlugin:80 - create IPUIPlugin
2024-01-16 01:37:35,585 [INFO] IPUIPlugin:80 - create IPUIPlugin
2024-01-16 01:37:35,585 [INFO] IPUIPlugin:80 - create IPUIPlugin
2024-01-16 01:37:35,585 [INFO] IPUIPlugin:80 - create IPUIPlugin
2024-01-16 01:37:35,585 [INFO] IPUIPlugin:80 - create IPUIPlugin
2024-01-16 01:37:35,585 [INFO] IPUIPlugin:80 - create IPUIPlugin
2024-01-16 01:37:35,586 [INFO] IPUIPlugin:80 - create IPUIPlugin
2024-01-16 01:37:35,586 [INFO] IPUIPlugin:80 - create IPUIPlugin
2024-01-16 01:37:35,626 [INFO] CADModel:165 - CPN selected for project levelSTM32F103C8T6
2024-01-16 01:37:35,626 [INFO] CADModel:114 - Register for checkConnection events
2024-01-16 01:37:35,676 [INFO] OpenFileManager:328 - Restore cursor
2024-01-16 01:39:04,936 [INFO] UtilMem:75 - End SaveConfig() Used Memory: 866684632 Bytes (1073741824)
2024-01-16 01:39:05,151 [INFO] BlockDiagram:2759 - set Specific Code input for plugin: SPI
2024-01-16 01:39:05,151 [INFO] BlockDiagram:2759 - set Specific Code input for plugin: NVIC
2024-01-16 01:39:05,151 [INFO] BlockDiagram:2759 - set Specific Code input for plugin: SYS
2024-01-16 01:39:05,151 [INFO] BlockDiagram:2759 - set Specific Code input for plugin: GPIO
2024-01-16 01:39:05,151 [INFO] BlockDiagram:2759 - set Specific Code input for plugin: RCC
2024-01-16 01:39:05,152 [INFO] CodeGenerator:799 - code generatio: config db path: C:/Users/W10/.stm32cubemx/databases/DB.6.0.21/db/
2024-01-16 01:39:05,318 [INFO] CodeEngine:255 - oldGeneratedFile, C:\Users\W10\Downloads\STM32F103_learn_Ch06_SPI_01-master\STM32F103_learn_Ch06_SPI_01-master\MXTmpFiles\license.tmp_save
2024-01-16 01:39:05,463 [INFO] CodeEngine:279 - Generated code: C:\Users\W10\Downloads\STM32F103_learn_Ch06_SPI_01-master\STM32F103_learn_Ch06_SPI_01-master\MXTmpFiles\license.tmp
2024-01-16 01:39:05,493 [INFO] CodeEngine:255 - oldGeneratedFile, C:\Users\W10\Downloads\STM32F103_learn_Ch06_SPI_01-master\STM32F103_learn_Ch06_SPI_01-master\MXTmpFiles\gpio.tmp_save
2024-01-16 01:39:05,558 [INFO] CodeEngine:279 - Generated code: C:\Users\W10\Downloads\STM32F103_learn_Ch06_SPI_01-master\STM32F103_learn_Ch06_SPI_01-master\MXTmpFiles\gpio.tmp
2024-01-16 01:39:05,637 [INFO] CodeEngine:255 - oldGeneratedFile, C:\Users\W10\Downloads\STM32F103_learn_Ch06_SPI_01-master\STM32F103_learn_Ch06_SPI_01-master\Core\Src\stm32f1xx_it.c_save
2024-01-16 01:39:05,726 [INFO] CodeEngine:279 - Generated code: C:\Users\W10\Downloads\STM32F103_learn_Ch06_SPI_01-master\STM32F103_learn_Ch06_SPI_01-master\Core\Src\stm32f1xx_it.c
2024-01-16 01:39:05,734 [INFO] CodeEngine:255 - oldGeneratedFile, C:\Users\W10\Downloads\STM32F103_learn_Ch06_SPI_01-master\STM32F103_learn_Ch06_SPI_01-master\Core\Inc\stm32f1xx_it.h_save
2024-01-16 01:39:05,799 [INFO] CodeEngine:279 - Generated code: C:\Users\W10\Downloads\STM32F103_learn_Ch06_SPI_01-master\STM32F103_learn_Ch06_SPI_01-master\Core\Inc\stm32f1xx_it.h
2024-01-16 01:39:05,822 [INFO] CodeEngine:255 - oldGeneratedFile, C:\Users\W10\Downloads\STM32F103_learn_Ch06_SPI_01-master\STM32F103_learn_Ch06_SPI_01-master\Core\Src\stm32f1xx_hal_msp.c_save
2024-01-16 01:39:05,920 [INFO] CodeEngine:279 - Generated code: C:\Users\W10\Downloads\STM32F103_learn_Ch06_SPI_01-master\STM32F103_learn_Ch06_SPI_01-master\Core\Src\stm32f1xx_hal_msp.c
2024-01-16 01:39:05,927 [INFO] CodeEngine:255 - oldGeneratedFile, C:\Users\W10\Downloads\STM32F103_learn_Ch06_SPI_01-master\STM32F103_learn_Ch06_SPI_01-master\MXTmpFiles\system.tmp_save
2024-01-16 01:39:06,001 [INFO] CodeEngine:279 - Generated code: C:\Users\W10\Downloads\STM32F103_learn_Ch06_SPI_01-master\STM32F103_learn_Ch06_SPI_01-master\MXTmpFiles\system.tmp
2024-01-16 01:39:06,021 [INFO] CodeEngine:311 - oldGeneratedFile, C:\Users\W10\Downloads\STM32F103_learn_Ch06_SPI_01-master\STM32F103_learn_Ch06_SPI_01-master\Core\Inc\stm32f1xx_hal_conf.h_save
2024-01-16 01:39:06,142 [INFO] CodeEngine:335 - Generated code: C:\Users\W10\Downloads\STM32F103_learn_Ch06_SPI_01-master\STM32F103_learn_Ch06_SPI_01-master\Core\Inc\stm32f1xx_hal_conf.h
2024-01-16 01:39:06,273 [INFO] CodeEngine:255 - oldGeneratedFile, C:\Users\W10\Downloads\STM32F103_learn_Ch06_SPI_01-master\STM32F103_learn_Ch06_SPI_01-master\Core\Inc\main.h_save
2024-01-16 01:39:07,532 [INFO] CodeEngine:279 - Generated code: C:\Users\W10\Downloads\STM32F103_learn_Ch06_SPI_01-master\STM32F103_learn_Ch06_SPI_01-master\Core\Inc\main.h
2024-01-16 01:39:07,547 [INFO] CodeEngine:255 - oldGeneratedFile, C:\Users\W10\Downloads\STM32F103_learn_Ch06_SPI_01-master\STM32F103_learn_Ch06_SPI_01-master\Core\Src\main.c_save
2024-01-16 01:39:07,646 [INFO] CodeEngine:279 - Generated code: C:\Users\W10\Downloads\STM32F103_learn_Ch06_SPI_01-master\STM32F103_learn_Ch06_SPI_01-master\Core\Src\main.c
2024-01-16 01:39:08,281 [INFO] ProjectBuilder:3064 - Time for Copy HAL[1] : 164mS.
2024-01-16 01:39:08,285 [INFO] ProjectBuilder:4404 - Project Generator version: 4.1.0
2024-01-16 01:39:08,541 [INFO] ConfigFileManager:1457 - The Die is : DIE410
2024-01-16 01:39:08,549 [INFO] ApiDbMcu:507 - Load IP Config File for FATFS
2024-01-16 01:39:08,579 [INFO] ApiDbMcu:507 - Load IP Config File for FREERTOS
2024-01-16 01:39:08,612 [INFO] ApiDbMcu:507 - Load IP Config File for USB_DEVICE
2024-01-16 01:39:11,061 [INFO] ProjectBuilder:4626 - Time for Generating toolchain IDE Files: 2776mS.
2024-01-16 01:39:11,062 [INFO] ProjectBuilder:2935 - Time for Copy CMSIS : 0mS.
2024-01-16 01:39:11,071 [INFO] ProjectBuilder:2935 - Time for Copy CMSIS : 0mS.
2024-01-16 01:39:14,546 [INFO] UtilMem:75 - End SaveConfig() Used Memory: 677478376 Bytes (1073741824)
2024-01-16 01:39:14,687 [INFO] BlockDiagram:2759 - set Specific Code input for plugin: SPI
2024-01-16 01:39:14,687 [INFO] BlockDiagram:2759 - set Specific Code input for plugin: NVIC
2024-01-16 01:39:14,687 [INFO] BlockDiagram:2759 - set Specific Code input for plugin: SYS
2024-01-16 01:39:14,687 [INFO] BlockDiagram:2759 - set Specific Code input for plugin: GPIO
2024-01-16 01:39:14,687 [INFO] BlockDiagram:2759 - set Specific Code input for plugin: RCC
2024-01-16 01:39:14,689 [INFO] CodeGenerator:799 - code generatio: config db path: C:/Users/W10/.stm32cubemx/databases/DB.6.0.21/db/
2024-01-16 01:39:14,796 [INFO] CodeEngine:255 - oldGeneratedFile, C:\Users\W10\Downloads\STM32F103_learn_Ch06_SPI_01-master\STM32F103_learn_Ch06_SPI_01-master\MXTmpFiles\license.tmp_save
2024-01-16 01:39:14,854 [INFO] CodeEngine:279 - Generated code: C:\Users\W10\Downloads\STM32F103_learn_Ch06_SPI_01-master\STM32F103_learn_Ch06_SPI_01-master\MXTmpFiles\license.tmp
2024-01-16 01:39:14,874 [INFO] CodeEngine:255 - oldGeneratedFile, C:\Users\W10\Downloads\STM32F103_learn_Ch06_SPI_01-master\STM32F103_learn_Ch06_SPI_01-master\MXTmpFiles\gpio.tmp_save
2024-01-16 01:39:14,924 [INFO] CodeEngine:279 - Generated code: C:\Users\W10\Downloads\STM32F103_learn_Ch06_SPI_01-master\STM32F103_learn_Ch06_SPI_01-master\MXTmpFiles\gpio.tmp
2024-01-16 01:39:14,974 [INFO] CodeEngine:255 - oldGeneratedFile, C:\Users\W10\Downloads\STM32F103_learn_Ch06_SPI_01-master\STM32F103_learn_Ch06_SPI_01-master\Core\Src\stm32f1xx_it.c_save
2024-01-16 01:39:15,039 [INFO] CodeEngine:279 - Generated code: C:\Users\W10\Downloads\STM32F103_learn_Ch06_SPI_01-master\STM32F103_learn_Ch06_SPI_01-master\Core\Src\stm32f1xx_it.c
2024-01-16 01:39:15,047 [INFO] CodeEngine:255 - oldGeneratedFile, C:\Users\W10\Downloads\STM32F103_learn_Ch06_SPI_01-master\STM32F103_learn_Ch06_SPI_01-master\Core\Inc\stm32f1xx_it.h_save
2024-01-16 01:39:15,100 [INFO] CodeEngine:279 - Generated code: C:\Users\W10\Downloads\STM32F103_learn_Ch06_SPI_01-master\STM32F103_learn_Ch06_SPI_01-master\Core\Inc\stm32f1xx_it.h
2024-01-16 01:39:15,122 [INFO] CodeEngine:255 - oldGeneratedFile, C:\Users\W10\Downloads\STM32F103_learn_Ch06_SPI_01-master\STM32F103_learn_Ch06_SPI_01-master\Core\Src\stm32f1xx_hal_msp.c_save
2024-01-16 01:39:15,196 [INFO] CodeEngine:279 - Generated code: C:\Users\W10\Downloads\STM32F103_learn_Ch06_SPI_01-master\STM32F103_learn_Ch06_SPI_01-master\Core\Src\stm32f1xx_hal_msp.c
2024-01-16 01:39:15,202 [INFO] CodeEngine:255 - oldGeneratedFile, C:\Users\W10\Downloads\STM32F103_learn_Ch06_SPI_01-master\STM32F103_learn_Ch06_SPI_01-master\MXTmpFiles\system.tmp_save
2024-01-16 01:39:15,245 [INFO] CodeEngine:279 - Generated code: C:\Users\W10\Downloads\STM32F103_learn_Ch06_SPI_01-master\STM32F103_learn_Ch06_SPI_01-master\MXTmpFiles\system.tmp
2024-01-16 01:39:15,267 [INFO] CodeEngine:311 - oldGeneratedFile, C:\Users\W10\Downloads\STM32F103_learn_Ch06_SPI_01-master\STM32F103_learn_Ch06_SPI_01-master\Core\Inc\stm32f1xx_hal_conf.h_save
2024-01-16 01:39:15,406 [INFO] CodeEngine:335 - Generated code: C:\Users\W10\Downloads\STM32F103_learn_Ch06_SPI_01-master\STM32F103_learn_Ch06_SPI_01-master\Core\Inc\stm32f1xx_hal_conf.h
2024-01-16 01:39:15,456 [INFO] CodeEngine:255 - oldGeneratedFile, C:\Users\W10\Downloads\STM32F103_learn_Ch06_SPI_01-master\STM32F103_learn_Ch06_SPI_01-master\Core\Inc\main.h_save
2024-01-16 01:39:15,512 [INFO] CodeEngine:279 - Generated code: C:\Users\W10\Downloads\STM32F103_learn_Ch06_SPI_01-master\STM32F103_learn_Ch06_SPI_01-master\Core\Inc\main.h
2024-01-16 01:39:15,528 [INFO] CodeEngine:255 - oldGeneratedFile, C:\Users\W10\Downloads\STM32F103_learn_Ch06_SPI_01-master\STM32F103_learn_Ch06_SPI_01-master\Core\Src\main.c_save
2024-01-16 01:39:15,637 [INFO] CodeEngine:279 - Generated code: C:\Users\W10\Downloads\STM32F103_learn_Ch06_SPI_01-master\STM32F103_learn_Ch06_SPI_01-master\Core\Src\main.c
2024-01-16 01:39:16,216 [INFO] ProjectBuilder:3064 - Time for Copy HAL[1] : 164mS.
2024-01-16 01:39:16,219 [INFO] ProjectBuilder:4404 - Project Generator version: 4.1.0
2024-01-16 01:39:16,592 [INFO] ConfigFileManager:1457 - The Die is : DIE410
2024-01-16 01:39:18,978 [INFO] ProjectBuilder:4626 - Time for Generating toolchain IDE Files: 2720mS.
2024-01-16 01:39:18,979 [INFO] ProjectBuilder:2935 - Time for Copy CMSIS : 1mS.
2024-01-16 01:39:18,982 [INFO] ProjectBuilder:2935 - Time for Copy CMSIS : 0mS.
2024-01-16 01:59:22,667 [INFO] Gpio:273 - dependency for GPIO [RCC, SPI1, SYS]
2024-01-16 02:01:20,229 [INFO] Gpio:273 - dependency for GPIO [RCC, SPI1, SYS]
2024-01-16 02:05:50,637 [INFO] NvicIntPanel:101 - NVIC parent = com.st.microxplorer.plugins.ip.nvic.MultiNvicIntPanel[,0,0,450x505,layout=javax.swing.BoxLayout,alignmentX=0.0,alignmentY=0.0,border=,flags=9,maximumSize=,minimumSize=,preferredSize=]
2024-01-16 02:07:09,436 [INFO] Gpio:273 - dependency for GPIO [RCC, SPI1, SYS]
